{"C:\\Users\\lozan\\OneDrive\\projetos\\web-cicd\\src\\services\\server.js": {"path":"C:\\Users\\lozan\\OneDrive\\projetos\\web-cicd\\src\\services\\server.js","all":false,"statementMap":{"0":{"start":{"line":1,"column":0},"end":{"line":1,"column":34}},"1":{"start":{"line":2,"column":0},"end":{"line":2,"column":55}},"2":{"start":{"line":3,"column":0},"end":{"line":3,"column":31}},"3":{"start":{"line":4,"column":0},"end":{"line":4,"column":3}},"4":{"start":{"line":5,"column":0},"end":{"line":5,"column":2}},"5":{"start":{"line":6,"column":0},"end":{"line":6,"column":33}}},"s":{"0":1,"1":1,"2":1,"3":1,"4":1,"5":1},"branchMap":{"0":{"type":"branch","line":1,"loc":{"start":{"line":1,"column":0},"end":{"line":4,"column":3}},"locations":[{"start":{"line":1,"column":0},"end":{"line":4,"column":3}}]}},"b":{"0":[1]},"fnMap":{"0":{"name":"handleRequest","decl":{"start":{"line":1,"column":0},"end":{"line":4,"column":3}},"loc":{"start":{"line":1,"column":0},"end":{"line":4,"column":3}},"line":1}},"f":{"0":1}}
}
